Using pre-set license
Built from '2020.3/staging' branch; Version is '2020.3.18f1 (a7d1c678663c) revision 10998214'; Using compiler version '192528614'; Build Type 'Release'
OS: 'Windows 10 Home; OS build 19043.1237; Version 2009; 64bit' Language: 'en' Physical Memory: 8133 MB
BatchMode: 1, IsHumanControllingUs: 0, StartBugReporterOnCrash: 0, Is64bit: 1, IsPro: 0

COMMAND LINE ARGUMENTS:
E:\Unity\2020.3.18f1\Editor\Unity.exe
-adb2
-batchMode
-noUpm
-name
AssetImportWorker0
-projectPath
E:/GitHub/CSG-3813-01 Game Level Design/Tang_HomeFall_Shooter-Game/Tang_HomeFall_Shooter
-logFile
Logs/AssetImportWorker0.log
-srvPort
20586
Successfully changed project path to: E:/GitHub/CSG-3813-01 Game Level Design/Tang_HomeFall_Shooter-Game/Tang_HomeFall_Shooter
E:/GitHub/CSG-3813-01 Game Level Design/Tang_HomeFall_Shooter-Game/Tang_HomeFall_Shooter
Using Asset Import Pipeline V2.
Refreshing native plugins compatible for Editor in 31.48 ms, found 2 plugins.
Preloading 0 native plugins for Editor in 0.00 ms.
Initialize engine version: 2020.3.18f1 (a7d1c678663c)
[Subsystems] Discovering subsystems at path E:/Unity/2020.3.18f1/Editor/Data/Resources/UnitySubsystems
[Subsystems] Discovering subsystems at path E:/GitHub/CSG-3813-01 Game Level Design/Tang_HomeFall_Shooter-Game/Tang_HomeFall_Shooter/Assets
GfxDevice: creating device client; threaded=0
Direct3D:
    Version:  Direct3D 11.0 [level 11.1]
    Renderer: NVIDIA GeForce GTX 1050 Ti (ID=0x1c82)
    Vendor:   
    VRAM:     4018 MB
    Driver:   30.0.14.7111
Initialize mono
Mono path[0] = 'E:/Unity/2020.3.18f1/Editor/Data/Managed'
Mono path[1] = 'E:/Unity/2020.3.18f1/Editor/Data/MonoBleedingEdge/lib/mono/unityjit'
Mono config path = 'E:/Unity/2020.3.18f1/Editor/Data/MonoBleedingEdge/etc'
Using monoOptions --debugger-agent=transport=dt_socket,embedding=1,server=y,suspend=n,address=127.0.0.1:56124
Begin MonoManager ReloadAssembly
Registering precompiled unity dll's ...
Register platform support module: E:/Unity/2020.3.18f1/Editor/Data/PlaybackEngines/WebGLSupport/UnityEditor.WebGL.Extensions.dll
Register platform support module: E:/Unity/2020.3.18f1/Editor/Data/PlaybackEngines/WindowsStandaloneSupport/UnityEditor.WindowsStandalone.Extensions.dll
Registered in 0.001449 seconds.
Native extension for WindowsStandalone target not found
Native extension for WebGL target not found
Refreshing native plugins compatible for Editor in 31.15 ms, found 2 plugins.
Preloading 0 native plugins for Editor in 0.00 ms.
Mono: successfully reloaded assembly
- Completed reload, in  1.142 seconds
Domain Reload Profiling:
	ReloadAssembly (1143ms)
		BeginReloadAssembly (58ms)
			ExecutionOrderSort (0ms)
			DisableScriptedObjects (0ms)
			BackupInstance (0ms)
			ReleaseScriptingObjects (0ms)
			CreateAndSetChildDomain (1ms)
		EndReloadAssembly (476ms)
			LoadAssemblies (57ms)
			RebuildTransferFunctionScriptingTraits (0ms)
			SetupTypeCache (185ms)
			ReleaseScriptCaches (0ms)
			RebuildScriptCaches (37ms)
			SetupLoadedEditorAssemblies (172ms)
				LogAssemblyErrors (0ms)
				InitializePlatformSupportModulesInManaged (5ms)
				SetLoadedEditorAssemblies (0ms)
				RefreshPlugins (31ms)
				BeforeProcessingInitializeOnLoad (18ms)
				ProcessInitializeOnLoadAttributes (88ms)
				ProcessInitializeOnLoadMethodAttributes (31ms)
				AfterProcessingInitializeOnLoad (0ms)
				EditorAssembliesLoaded (0ms)
			ExecutionOrderSort2 (0ms)
			AwakeInstancesAfterBackupRestoration (0ms)
Platform modules already initialized, skipping
Registering precompiled user dll's ...
Registered in 0.002422 seconds.
Begin MonoManager ReloadAssembly
Native extension for WindowsStandalone target not found
Native extension for WebGL target not found
Refreshing native plugins compatible for Editor in 0.33 ms, found 2 plugins.
Preloading 0 native plugins for Editor in 0.00 ms.
Mono: successfully reloaded assembly
- Completed reload, in  1.147 seconds
Domain Reload Profiling:
	ReloadAssembly (1148ms)
		BeginReloadAssembly (161ms)
			ExecutionOrderSort (0ms)
			DisableScriptedObjects (5ms)
			BackupInstance (0ms)
			ReleaseScriptingObjects (0ms)
			CreateAndSetChildDomain (22ms)
		EndReloadAssembly (923ms)
			LoadAssemblies (90ms)
			RebuildTransferFunctionScriptingTraits (0ms)
			SetupTypeCache (303ms)
			ReleaseScriptCaches (0ms)
			RebuildScriptCaches (48ms)
			SetupLoadedEditorAssemblies (370ms)
				LogAssemblyErrors (0ms)
				InitializePlatformSupportModulesInManaged (6ms)
				SetLoadedEditorAssemblies (1ms)
				RefreshPlugins (0ms)
				BeforeProcessingInitializeOnLoad (87ms)
				ProcessInitializeOnLoadAttributes (268ms)
				ProcessInitializeOnLoadMethodAttributes (5ms)
				AfterProcessingInitializeOnLoad (3ms)
				EditorAssembliesLoaded (0ms)
			ExecutionOrderSort2 (0ms)
			AwakeInstancesAfterBackupRestoration (9ms)
Platform modules already initialized, skipping
========================================================================
Worker process is ready to serve import requests
Launched and connected shader compiler UnityShaderCompiler.exe after 0.14 seconds
Refreshing native plugins compatible for Editor in 0.33 ms, found 2 plugins.
Preloading 0 native plugins for Editor in 0.00 ms.
Unloading 1406 Unused Serialized files (Serialized files now loaded: 0)
System memory in use before: 65.5 MB.
System memory in use after: 65.6 MB.

Unloading 16 unused Assets to reduce memory usage. Loaded Objects now: 1841.
Total: 3.149700 ms (FindLiveObjects: 0.259400 ms CreateObjectMapping: 0.057100 ms MarkObjects: 2.733300 ms  DeleteObjects: 0.098600 ms)

AssetImportParameters requested are different than current active one (requested -> active):
  custom:framework-win-MediaFoundation: 216162199b28c13a410421893ffa2e32 -> 
  custom:video-decoder-ogg-theora: a1e56fd34408186e4bbccfd4996cb3dc -> 
  custom:container-muxer-webm: aa71ff27fc2769a1b78a27578f13a17b -> 
  custom:container-demuxer-webm: 4f35f7cbe854078d1ac9338744f61a02 -> 
  custom:container-demuxer-ogg: 62fdf1f143b41e24485cea50d1cbac27 -> 
  custom:video-encoder-webm-vp8: eb34c28f22e8b96e1ab97ce403110664 -> 
  custom:video-decoder-webm-vp8: 9c59270c3fd7afecdb556c50c9e8de78 -> 
  custom:audio-decoder-ogg-vorbis: bf7c407c2cedff20999df2af8eb42d56 -> 
  custom:audio-encoder-webm-vorbis: bf7c407c2cedff20999df2af8eb42d56 -> 
========================================================================
Received Import Request.
  path: Assets/Textures/Home Fall/Blocks/Metal Block.asset
  artifactKey: Guid(88728c929ea05174dbddaa6775276156) Importer(815301076,1909f56bfc062723c751e8b465ee728b)
Start importing Assets/Textures/Home Fall/Blocks/Metal Block.asset using Guid(88728c929ea05174dbddaa6775276156) Importer(815301076,1909f56bfc062723c751e8b465ee728b)  -> (artifact id: '72c958ca051e9b6c733b5c6138279950') in 0.179946 seconds 
  Import took 0.198251 seconds .

========================================================================
Received Import Request.
  Time since last request: 0.000477 seconds.
  path: Assets/Textures/Home Fall/Blocks/Grass Block.png
  artifactKey: Guid(3a2f59983775b944488186038d9059d5) Importer(815301076,1909f56bfc062723c751e8b465ee728b)
Start importing Assets/Textures/Home Fall/Blocks/Grass Block.png using Guid(3a2f59983775b944488186038d9059d5) Importer(815301076,1909f56bfc062723c751e8b465ee728b)  -> (artifact id: '5fe665b657f8a55b96806748b914c7df') in 0.104383 seconds 
  Import took 0.106849 seconds .

========================================================================
Received Import Request.
  Time since last request: 0.000366 seconds.
  path: Assets/Textures/Home Fall/Characters/Enemy Ranged.png
  artifactKey: Guid(3b052d0db446c984a9af484050e64ec5) Importer(815301076,1909f56bfc062723c751e8b465ee728b)
Start importing Assets/Textures/Home Fall/Characters/Enemy Ranged.png using Guid(3b052d0db446c984a9af484050e64ec5) Importer(815301076,1909f56bfc062723c751e8b465ee728b)  -> (artifact id: '68273748c93b98968f159ca14435525f') in 0.021760 seconds 
  Import took 0.025110 seconds .

========================================================================
Received Import Request.
  Time since last request: 0.000374 seconds.
  path: Assets/Textures/Home Fall/Blocks/Dirt Block.asset
  artifactKey: Guid(aef2118533bdbf048a22641bb8237efa) Importer(815301076,1909f56bfc062723c751e8b465ee728b)
Start importing Assets/Textures/Home Fall/Blocks/Dirt Block.asset using Guid(aef2118533bdbf048a22641bb8237efa) Importer(815301076,1909f56bfc062723c751e8b465ee728b)  -> (artifact id: '8d6ab0afba80d2869895bf0af2e6b87a') in 0.014457 seconds 
  Import took 0.017704 seconds .

========================================================================
Received Import Request.
  Time since last request: 0.000440 seconds.
  path: Assets/Textures/Home Fall/Blocks/dirtblockv2.asset
  artifactKey: Guid(8c966a5ca60053c40b98308785bf614e) Importer(815301076,1909f56bfc062723c751e8b465ee728b)
Start importing Assets/Textures/Home Fall/Blocks/dirtblockv2.asset using Guid(8c966a5ca60053c40b98308785bf614e) Importer(815301076,1909f56bfc062723c751e8b465ee728b)  -> (artifact id: '2d5b180b780de01f1321373e4d8ecf7a') in 0.010067 seconds 
  Import took 0.012830 seconds .

========================================================================
Received Import Request.
  Time since last request: 0.000414 seconds.
  path: Assets/Textures/Home Fall/Blocks/Control Block.asset
  artifactKey: Guid(366d5c2db3d82814d935f5962f050a8a) Importer(815301076,1909f56bfc062723c751e8b465ee728b)
Start importing Assets/Textures/Home Fall/Blocks/Control Block.asset using Guid(366d5c2db3d82814d935f5962f050a8a) Importer(815301076,1909f56bfc062723c751e8b465ee728b)  -> (artifact id: 'e5b817e80fc5ce635d0f85c9d0ff0960') in 0.009138 seconds 
  Import took 0.012130 seconds .

========================================================================
Received Import Request.
  Time since last request: 0.000345 seconds.
  path: Assets/Textures/Home Fall/Blocks/Spikes.png
  artifactKey: Guid(be300e93e6411b04eaa46d89c546abb1) Importer(815301076,1909f56bfc062723c751e8b465ee728b)
Start importing Assets/Textures/Home Fall/Blocks/Spikes.png using Guid(be300e93e6411b04eaa46d89c546abb1) Importer(815301076,1909f56bfc062723c751e8b465ee728b)  -> (artifact id: 'e64b6554c43b9cdf93c3e8a562f7e928') in 0.022226 seconds 
  Import took 0.026058 seconds .

========================================================================
Received Import Request.
  Time since last request: 0.000420 seconds.
  path: Assets/Textures/Home Fall/Characters
  artifactKey: Guid(0f5761b4cf2488e4fb32ebc65b7c3ffb) Importer(815301076,1909f56bfc062723c751e8b465ee728b)
Start importing Assets/Textures/Home Fall/Characters using Guid(0f5761b4cf2488e4fb32ebc65b7c3ffb) Importer(815301076,1909f56bfc062723c751e8b465ee728b)  -> (artifact id: 'f9b37e3110088408ebac40364162d12b') in 0.008357 seconds 
  Import took 0.011938 seconds .

========================================================================
Received Import Request.
  Time since last request: 0.000291 seconds.
  path: Assets/Textures/Home Fall
  artifactKey: Guid(e2d8f797c83bded479db18bc30e5c7f0) Importer(815301076,1909f56bfc062723c751e8b465ee728b)
Start importing Assets/Textures/Home Fall using Guid(e2d8f797c83bded479db18bc30e5c7f0) Importer(815301076,1909f56bfc062723c751e8b465ee728b)  -> (artifact id: '9ceacd20b5761405fab7c14fbb3574c2') in 0.007224 seconds 
  Import took 0.010839 seconds .

========================================================================
Received Import Request.
  Time since last request: 0.000358 seconds.
  path: Assets/Textures/Home Fall/Blocks/Control Block Base.png
  artifactKey: Guid(ed71363a538d2f04e8e16f72ea0be8b1) Importer(815301076,1909f56bfc062723c751e8b465ee728b)
Start importing Assets/Textures/Home Fall/Blocks/Control Block Base.png using Guid(ed71363a538d2f04e8e16f72ea0be8b1) Importer(815301076,1909f56bfc062723c751e8b465ee728b)  -> (artifact id: 'cbabd9e844e4a0f8c9c3229a995e293a') in 0.018565 seconds 
  Import took 0.021627 seconds .

========================================================================
Received Import Request.
  Time since last request: 0.000221 seconds.
  path: Assets/Textures/Home Fall/Blocks/grass-block.asset
  artifactKey: Guid(4f2eff5a545103b41b7d52175ba15a06) Importer(815301076,1909f56bfc062723c751e8b465ee728b)
Start importing Assets/Textures/Home Fall/Blocks/grass-block.asset using Guid(4f2eff5a545103b41b7d52175ba15a06) Importer(815301076,1909f56bfc062723c751e8b465ee728b)  -> (artifact id: '37b1e9149e4b96a05086779edb12b15a') in 0.014020 seconds 
  Import took 0.016522 seconds .

========================================================================
Received Import Request.
  Time since last request: 0.000230 seconds.
  path: Assets/Textures/Home Fall/Blocks/Blank Block.png
  artifactKey: Guid(e32adc2173542e14fbbb2310969f6ca9) Importer(815301076,1909f56bfc062723c751e8b465ee728b)
Start importing Assets/Textures/Home Fall/Blocks/Blank Block.png using Guid(e32adc2173542e14fbbb2310969f6ca9) Importer(815301076,1909f56bfc062723c751e8b465ee728b)  -> (artifact id: '6ebaeb0c7708316083712b25a5d84458') in 0.015666 seconds 
  Import took 0.018075 seconds .

========================================================================
Received Import Request.
  Time since last request: 0.000252 seconds.
  path: Assets/Textures/Home Fall/Blocks/Metal Block.png
  artifactKey: Guid(ddb7d3e74812c1542a8a79b6914a687d) Importer(815301076,1909f56bfc062723c751e8b465ee728b)
Start importing Assets/Textures/Home Fall/Blocks/Metal Block.png using Guid(ddb7d3e74812c1542a8a79b6914a687d) Importer(815301076,1909f56bfc062723c751e8b465ee728b)  -> (artifact id: '16aa792c07ce6657c2ab04d04d6c8e7f') in 0.014231 seconds 
  Import took 0.017046 seconds .

========================================================================
Received Import Request.
  Time since last request: 0.000261 seconds.
  path: Assets/Textures/Home Fall/Blocks
  artifactKey: Guid(bc4ad7b5e999cea41828979fb2963d8c) Importer(815301076,1909f56bfc062723c751e8b465ee728b)
Start importing Assets/Textures/Home Fall/Blocks using Guid(bc4ad7b5e999cea41828979fb2963d8c) Importer(815301076,1909f56bfc062723c751e8b465ee728b)  -> (artifact id: '0560a702e14223e9cf43c7c87a47599a') in 0.006413 seconds 
  Import took 0.029447 seconds .

========================================================================
Received Import Request.
  Time since last request: 0.000247 seconds.
  path: Assets/Textures/Home Fall/Characters/wu-standing-left.png
  artifactKey: Guid(58c540cfe923fb64b83510f06dff6ac4) Importer(815301076,1909f56bfc062723c751e8b465ee728b)
Start importing Assets/Textures/Home Fall/Characters/wu-standing-left.png using Guid(58c540cfe923fb64b83510f06dff6ac4) Importer(815301076,1909f56bfc062723c751e8b465ee728b)  -> (artifact id: '48b7e2d93b91ab5b012d646826d2b942') in 0.015827 seconds 
  Import took 0.018541 seconds .

========================================================================
Received Import Request.
  Time since last request: 0.000248 seconds.
  path: Assets/Textures/Home Fall/Blocks/Metal block damaged.png
  artifactKey: Guid(40b521d9ddf79aa4299b00da30bf300f) Importer(815301076,1909f56bfc062723c751e8b465ee728b)
Start importing Assets/Textures/Home Fall/Blocks/Metal block damaged.png using Guid(40b521d9ddf79aa4299b00da30bf300f) Importer(815301076,1909f56bfc062723c751e8b465ee728b)  -> (artifact id: 'f7b7a9a43cead75a5b538cd39493c3bd') in 0.016523 seconds 
  Import took 0.018982 seconds .

========================================================================
Received Import Request.
  Time since last request: 0.000217 seconds.
  path: Assets/Textures/Home Fall/Blocks/Metal block damaged.asset
  artifactKey: Guid(1be8190dbff389943b8010dd3231f50e) Importer(815301076,1909f56bfc062723c751e8b465ee728b)
Start importing Assets/Textures/Home Fall/Blocks/Metal block damaged.asset using Guid(1be8190dbff389943b8010dd3231f50e) Importer(815301076,1909f56bfc062723c751e8b465ee728b)  -> (artifact id: '0c6b6092f191b856a554fe6d0f7d727e') in 0.011774 seconds 
  Import took 0.015298 seconds .

========================================================================
Received Import Request.
  Time since last request: 0.000309 seconds.
  path: Assets/Textures/Home Fall/Characters/wu-standing-pixilart.png
  artifactKey: Guid(044c5108410973a448271edc5940db04) Importer(815301076,1909f56bfc062723c751e8b465ee728b)
Start importing Assets/Textures/Home Fall/Characters/wu-standing-pixilart.png using Guid(044c5108410973a448271edc5940db04) Importer(815301076,1909f56bfc062723c751e8b465ee728b)  -> (artifact id: '3a9a81ef55c1ff57434b463e8ef1b7b7') in 0.015604 seconds 
  Import took 0.018264 seconds .

========================================================================
Received Import Request.
  Time since last request: 0.000227 seconds.
  path: Assets/Textures/Home Fall/Blocks/Blank Block.asset
  artifactKey: Guid(e4f3b4e7a0868ea46a04c341aa4e8a34) Importer(815301076,1909f56bfc062723c751e8b465ee728b)
Start importing Assets/Textures/Home Fall/Blocks/Blank Block.asset using Guid(e4f3b4e7a0868ea46a04c341aa4e8a34) Importer(815301076,1909f56bfc062723c751e8b465ee728b)  -> (artifact id: '94bb02ea15ba6c96efc893e6890d4bb8') in 0.011402 seconds 
  Import took 0.014327 seconds .

========================================================================
Received Import Request.
  Time since last request: 0.000273 seconds.
  path: Assets/Textures/Home Fall/Blocks/House.png
  artifactKey: Guid(7e0b79d1ca28b31438fcba122710a460) Importer(815301076,1909f56bfc062723c751e8b465ee728b)
Start importing Assets/Textures/Home Fall/Blocks/House.png using Guid(7e0b79d1ca28b31438fcba122710a460) Importer(815301076,1909f56bfc062723c751e8b465ee728b)  -> (artifact id: 'c74901bfdb41394b88820955f086b038') in 0.018578 seconds 
  Import took 0.021537 seconds .

========================================================================
Received Import Request.
  Time since last request: 0.000252 seconds.
  path: Assets/Textures/Home Fall/Blocks/dirtblockv2.png
  artifactKey: Guid(ac444904fb323144b8a34bc7d3c848d6) Importer(815301076,1909f56bfc062723c751e8b465ee728b)
Start importing Assets/Textures/Home Fall/Blocks/dirtblockv2.png using Guid(ac444904fb323144b8a34bc7d3c848d6) Importer(815301076,1909f56bfc062723c751e8b465ee728b)  -> (artifact id: '8eaf6b451ea957915a95442ba1c35af3') in 0.015397 seconds 
  Import took 0.017880 seconds .

========================================================================
Received Import Request.
  Time since last request: 0.000246 seconds.
  path: Assets/Textures/Home Fall/Blocks/grass-block-pixilart.png
  artifactKey: Guid(a807a449cbe8df34bb6116504b5f5e0d) Importer(815301076,1909f56bfc062723c751e8b465ee728b)
Start importing Assets/Textures/Home Fall/Blocks/grass-block-pixilart.png using Guid(a807a449cbe8df34bb6116504b5f5e0d) Importer(815301076,1909f56bfc062723c751e8b465ee728b)  -> (artifact id: '93cc8e06f2f8d3b8f31fcf8aa0c67937') in 0.015222 seconds 
  Import took 0.017681 seconds .

========================================================================
Received Import Request.
  Time since last request: 0.000264 seconds.
  path: Assets/Textures/Home Fall/Blocks/Control Block Base.asset
  artifactKey: Guid(7a5a510393e9295409d8c9e1ea8c71ad) Importer(815301076,1909f56bfc062723c751e8b465ee728b)
Start importing Assets/Textures/Home Fall/Blocks/Control Block Base.asset using Guid(7a5a510393e9295409d8c9e1ea8c71ad) Importer(815301076,1909f56bfc062723c751e8b465ee728b)  -> (artifact id: '64da1492982bf0fb1282a6b8d2879504') in 0.011160 seconds 
  Import took 0.014163 seconds .

========================================================================
Received Import Request.
  Time since last request: 0.000366 seconds.
  path: Assets/Textures/Home Fall/Characters/Turret.png
  artifactKey: Guid(7740d619955f160428ba86fc3afb81ee) Importer(815301076,1909f56bfc062723c751e8b465ee728b)
Start importing Assets/Textures/Home Fall/Characters/Turret.png using Guid(7740d619955f160428ba86fc3afb81ee) Importer(815301076,1909f56bfc062723c751e8b465ee728b)  -> (artifact id: '34c1e076c8e7f8416b2091b2e6481ce5') in 0.017307 seconds 
  Import took 0.020263 seconds .

========================================================================
Received Import Request.
  Time since last request: 0.000244 seconds.
  path: Assets/Textures/Home Fall/Blocks/Dirt Block.png
  artifactKey: Guid(96fb6d40e321c2746a726fe8b9e051b3) Importer(815301076,1909f56bfc062723c751e8b465ee728b)
Start importing Assets/Textures/Home Fall/Blocks/Dirt Block.png using Guid(96fb6d40e321c2746a726fe8b9e051b3) Importer(815301076,1909f56bfc062723c751e8b465ee728b)  -> (artifact id: 'dffa25e74348563b96a30a7a28f3358a') in 0.016858 seconds 
  Import took 0.042247 seconds .

AssetImportWorkerClient::OnTransportError - code=2 error=End of file
